2023-05-06 20:11:26,584 INFO  utils.Log4j2 -Start Suite executed :SuiteChrome-Automation
2023-05-06 20:11:26,598 INFO  utils.Log4j2 -Start Testng Test name: Test-Login
2023-05-06 20:11:42,435 INFO  utils.Log4j2 -Method name: testLogin
2023-05-06 20:11:42,446 INFO  utils.Log4j2 -Ingreso usuario y contraseña
2023-05-06 20:11:43,078 INFO  utils.Log4j2 -testLogin :FAILED
2023-05-06 20:11:43,822 INFO  utils.Log4j2 -This is Passed methods: 0
2023-05-06 20:11:43,823 INFO  utils.Log4j2 -This is Failed methods: 1
2023-05-06 20:11:43,823 INFO  utils.Log4j2 -This is Skipped methods: 0
2023-05-06 20:11:44,020 INFO  utils.Log4j2 -Finish Suite executed :SuiteChrome-Automation
2023-05-06 20:11:44,185 INFO  utils.Log4j2 -TestNG has finished, took around 19090ms
2023-05-06 20:19:35,515 INFO  utils.Log4j2 -Start Suite executed :SuiteChrome-Automation
2023-05-06 20:19:35,530 INFO  utils.Log4j2 -Start Testng Test name: Test-Login
2023-05-06 20:19:44,309 INFO  utils.Log4j2 -Method name: testLogin
2023-05-06 20:19:44,316 INFO  utils.Log4j2 -Ingreso usuario y contraseña
2023-05-06 20:19:46,040 INFO  utils.Log4j2 -Espero a que cargue el MyAccount
2023-05-06 20:19:46,041 INFO  utils.Log4j2 -Voy a la página principal
2023-05-06 20:19:46,041 INFO  utils.Log4j2 -Espero a que cargue el HOME
2023-05-06 20:19:46,071 INFO  utils.Log4j2 -testLogin :FAILED
2023-05-06 20:19:46,872 INFO  utils.Log4j2 -This is Passed methods: 0
2023-05-06 20:19:46,872 INFO  utils.Log4j2 -This is Failed methods: 1
2023-05-06 20:19:46,872 INFO  utils.Log4j2 -This is Skipped methods: 0
2023-05-06 20:19:47,075 INFO  utils.Log4j2 -Finish Suite executed :SuiteChrome-Automation
2023-05-06 20:19:47,216 INFO  utils.Log4j2 -TestNG has finished, took around 13152ms
2023-05-06 20:22:07,534 INFO  utils.Log4j2 -Start Suite executed :SuiteChrome-Automation
2023-05-06 20:22:07,549 INFO  utils.Log4j2 -Start Testng Test name: Test-Login
2023-05-06 20:22:16,614 INFO  utils.Log4j2 -Method name: testLogin
2023-05-06 20:22:16,637 INFO  utils.Log4j2 -Ingreso usuario y contraseña
2023-05-06 20:22:18,258 INFO  utils.Log4j2 -Espero a que cargue el MyAccount
2023-05-06 20:22:18,259 INFO  utils.Log4j2 -Voy a la página principal
2023-05-06 20:22:18,259 INFO  utils.Log4j2 -Espero a que cargue el HOME
2023-05-06 20:22:18,291 INFO  utils.Log4j2 -testLogin :FAILED
2023-05-06 20:22:19,123 INFO  utils.Log4j2 -This is Passed methods: 0
2023-05-06 20:22:19,123 INFO  utils.Log4j2 -This is Failed methods: 1
2023-05-06 20:22:19,123 INFO  utils.Log4j2 -This is Skipped methods: 0
2023-05-06 20:22:19,296 INFO  utils.Log4j2 -Finish Suite executed :SuiteChrome-Automation
2023-05-06 20:22:19,452 INFO  utils.Log4j2 -TestNG has finished, took around 13293ms
2023-05-06 20:26:00,422 INFO  utils.Log4j2 -Start Suite executed :SuiteChrome-Automation
2023-05-06 20:26:00,438 INFO  utils.Log4j2 -Start Testng Test name: Test-Login
2023-05-06 20:26:09,869 INFO  utils.Log4j2 -Method name: testLogin
2023-05-06 20:26:09,876 INFO  utils.Log4j2 -Ingreso usuario y contraseña
2023-05-06 20:26:11,763 INFO  utils.Log4j2 -Espero a que cargue el Avatar
2023-05-06 20:26:27,059 INFO  utils.Log4j2 -testLogin :FAILED
2023-05-06 20:26:27,846 INFO  utils.Log4j2 -This is Passed methods: 0
2023-05-06 20:26:27,846 INFO  utils.Log4j2 -This is Failed methods: 1
2023-05-06 20:26:27,846 INFO  utils.Log4j2 -This is Skipped methods: 0
2023-05-06 20:26:28,034 INFO  utils.Log4j2 -Finish Suite executed :SuiteChrome-Automation
2023-05-06 20:26:28,207 INFO  utils.Log4j2 -TestNG has finished, took around 29192ms
2023-05-06 20:28:56,631 INFO  utils.Log4j2 -Start Suite executed :SuiteChrome-Automation
2023-05-06 20:28:56,644 INFO  utils.Log4j2 -Start Testng Test name: Test-Login
2023-05-06 20:29:05,150 INFO  utils.Log4j2 -Method name: testLogin
2023-05-06 20:29:05,156 INFO  utils.Log4j2 -Ingreso usuario y contraseña
2023-05-06 20:29:07,314 INFO  utils.Log4j2 -Espero a que cargue el Avatar
2023-05-06 20:29:22,622 INFO  utils.Log4j2 -testLogin :FAILED
2023-05-06 20:29:23,430 INFO  utils.Log4j2 -This is Passed methods: 0
2023-05-06 20:29:23,431 INFO  utils.Log4j2 -This is Failed methods: 1
2023-05-06 20:29:23,431 INFO  utils.Log4j2 -This is Skipped methods: 0
2023-05-06 20:29:23,614 INFO  utils.Log4j2 -Finish Suite executed :SuiteChrome-Automation
2023-05-06 20:29:23,787 INFO  utils.Log4j2 -TestNG has finished, took around 28595ms
2023-05-06 20:29:37,985 INFO  utils.Log4j2 -Start Suite executed :SuiteChrome-Automation
2023-05-06 20:29:37,999 INFO  utils.Log4j2 -Start Testng Test name: Test-Login
2023-05-06 20:29:46,669 INFO  utils.Log4j2 -Method name: testLogin
2023-05-06 20:29:46,677 INFO  utils.Log4j2 -Ingreso usuario y contraseña
2023-05-06 20:29:49,235 INFO  utils.Log4j2 -Espero a que cargue el Avatar
2023-05-06 20:30:04,794 INFO  utils.Log4j2 -testLogin :FAILED
2023-05-06 20:30:05,624 INFO  utils.Log4j2 -This is Passed methods: 0
2023-05-06 20:30:05,624 INFO  utils.Log4j2 -This is Failed methods: 1
2023-05-06 20:30:05,624 INFO  utils.Log4j2 -This is Skipped methods: 0
2023-05-06 20:30:05,828 INFO  utils.Log4j2 -Finish Suite executed :SuiteChrome-Automation
2023-05-06 20:30:06,001 INFO  utils.Log4j2 -TestNG has finished, took around 29457ms
2023-05-06 20:33:43,528 INFO  utils.Log4j2 -Start Suite executed :SuiteChrome-Automation
2023-05-06 20:33:43,544 INFO  utils.Log4j2 -Start Testng Test name: Test-Login
2023-05-06 20:33:52,026 INFO  utils.Log4j2 -Method name: testLogin
2023-05-06 20:33:52,035 INFO  utils.Log4j2 -Ingreso usuario y contraseña
2023-05-06 20:34:03,278 INFO  utils.Log4j2 -Espero a que cargue el Avatar
2023-05-06 20:34:18,651 INFO  utils.Log4j2 -testLogin :FAILED
2023-05-06 20:34:19,522 INFO  utils.Log4j2 -This is Passed methods: 0
2023-05-06 20:34:19,522 INFO  utils.Log4j2 -This is Failed methods: 1
2023-05-06 20:34:19,522 INFO  utils.Log4j2 -This is Skipped methods: 0
2023-05-06 20:34:19,694 INFO  utils.Log4j2 -Finish Suite executed :SuiteChrome-Automation
2023-05-06 20:34:19,866 INFO  utils.Log4j2 -TestNG has finished, took around 37807ms
2023-05-06 20:40:40,319 INFO  utils.Log4j2 -Start Suite executed :SuiteChrome-Automation
2023-05-06 20:40:40,334 INFO  utils.Log4j2 -Start Testng Test name: Test-Login
2023-05-06 20:40:50,067 INFO  utils.Log4j2 -Method name: testLogin
2023-05-06 20:40:50,074 INFO  utils.Log4j2 -Ingreso usuario y contraseña
2023-05-06 20:40:52,429 INFO  utils.Log4j2 -Espero a que cargue el Avatar
2023-05-06 20:40:58,607 INFO  utils.Log4j2 -testLogin :PASSED
2023-05-06 20:40:59,353 INFO  utils.Log4j2 -This is Passed methods: 1
2023-05-06 20:40:59,353 INFO  utils.Log4j2 -This is Failed methods: 0
2023-05-06 20:40:59,353 INFO  utils.Log4j2 -This is Skipped methods: 0
2023-05-06 20:40:59,526 INFO  utils.Log4j2 -Finish Suite executed :SuiteChrome-Automation
2023-05-06 20:40:59,701 INFO  utils.Log4j2 -TestNG has finished, took around 20802ms
2023-05-06 20:42:12,422 INFO  utils.Log4j2 -Start Suite executed :SuiteChrome-Automation
2023-05-06 20:42:12,438 INFO  utils.Log4j2 -Start Testng Test name: Test-Login
2023-05-06 20:42:21,060 INFO  utils.Log4j2 -Method name: testLogin
2023-05-06 20:42:21,074 INFO  utils.Log4j2 -Ingreso usuario y contraseña
2023-05-06 20:42:22,913 INFO  utils.Log4j2 -Espero a que cargue el Avatar
2023-05-06 20:42:38,019 INFO  utils.Log4j2 -testLogin :FAILED
2023-05-06 20:42:38,801 INFO  utils.Log4j2 -This is Passed methods: 0
2023-05-06 20:42:38,801 INFO  utils.Log4j2 -This is Failed methods: 1
2023-05-06 20:42:38,801 INFO  utils.Log4j2 -This is Skipped methods: 0
2023-05-06 20:42:38,975 INFO  utils.Log4j2 -Finish Suite executed :SuiteChrome-Automation
2023-05-06 20:42:39,132 INFO  utils.Log4j2 -TestNG has finished, took around 28192ms
2023-05-06 20:43:12,023 INFO  utils.Log4j2 -Start Suite executed :SuiteChrome-Automation
2023-05-06 20:43:12,038 INFO  utils.Log4j2 -Start Testng Test name: Test-Login
2023-05-06 20:43:20,804 INFO  utils.Log4j2 -Method name: testLogin
2023-05-06 20:43:20,812 INFO  utils.Log4j2 -Ingreso usuario y contraseña
2023-05-06 20:43:22,945 INFO  utils.Log4j2 -Espero a que cargue el Avatar
2023-05-06 20:43:38,519 INFO  utils.Log4j2 -testLogin :FAILED
2023-05-06 20:43:39,326 INFO  utils.Log4j2 -This is Passed methods: 0
2023-05-06 20:43:39,326 INFO  utils.Log4j2 -This is Failed methods: 1
2023-05-06 20:43:39,326 INFO  utils.Log4j2 -This is Skipped methods: 0
2023-05-06 20:43:39,513 INFO  utils.Log4j2 -Finish Suite executed :SuiteChrome-Automation
2023-05-06 20:43:39,700 INFO  utils.Log4j2 -TestNG has finished, took around 29082ms
2023-05-06 20:44:06,992 INFO  utils.Log4j2 -Start Suite executed :SuiteChrome-Automation
2023-05-06 20:44:07,007 INFO  utils.Log4j2 -Start Testng Test name: Test-Login
2023-05-06 20:44:16,560 INFO  utils.Log4j2 -Method name: testLogin
2023-05-06 20:44:16,565 INFO  utils.Log4j2 -Ingreso usuario y contraseña
2023-05-06 20:44:18,370 INFO  utils.Log4j2 -Espero a que cargue el Avatar
2023-05-06 20:44:33,498 INFO  utils.Log4j2 -testLogin :FAILED
2023-05-06 20:44:34,332 INFO  utils.Log4j2 -This is Passed methods: 0
2023-05-06 20:44:34,332 INFO  utils.Log4j2 -This is Failed methods: 1
2023-05-06 20:44:34,332 INFO  utils.Log4j2 -This is Skipped methods: 0
2023-05-06 20:44:34,527 INFO  utils.Log4j2 -Finish Suite executed :SuiteChrome-Automation
2023-05-06 20:44:34,719 INFO  utils.Log4j2 -TestNG has finished, took around 29138ms
2023-05-06 20:44:54,272 INFO  utils.Log4j2 -Start Suite executed :SuiteChrome-Automation
2023-05-06 20:44:54,288 INFO  utils.Log4j2 -Start Testng Test name: Test-Login
2023-05-06 20:45:03,672 INFO  utils.Log4j2 -Method name: testLogin
2023-05-06 20:45:03,681 INFO  utils.Log4j2 -Ingreso usuario y contraseña
2023-05-06 20:45:05,742 INFO  utils.Log4j2 -Espero a que cargue el Avatar
2023-05-06 20:45:20,870 INFO  utils.Log4j2 -testLogin :FAILED
2023-05-06 20:45:21,777 INFO  utils.Log4j2 -This is Passed methods: 0
2023-05-06 20:45:21,778 INFO  utils.Log4j2 -This is Failed methods: 1
2023-05-06 20:45:21,778 INFO  utils.Log4j2 -This is Skipped methods: 0
2023-05-06 20:45:21,946 INFO  utils.Log4j2 -Finish Suite executed :SuiteChrome-Automation
2023-05-06 20:45:22,129 INFO  utils.Log4j2 -TestNG has finished, took around 29238ms
2023-05-06 20:45:35,499 INFO  utils.Log4j2 -Start Suite executed :SuiteChrome-Automation
2023-05-06 20:45:35,515 INFO  utils.Log4j2 -Start Testng Test name: Test-Login
2023-05-06 20:45:45,148 INFO  utils.Log4j2 -Method name: testLogin
2023-05-06 20:45:45,153 INFO  utils.Log4j2 -Ingreso usuario y contraseña
2023-05-06 20:45:46,373 INFO  utils.Log4j2 -Espero a que cargue el Avatar
2023-05-06 20:46:01,640 INFO  utils.Log4j2 -testLogin :FAILED
2023-05-06 20:46:02,448 INFO  utils.Log4j2 -This is Passed methods: 0
2023-05-06 20:46:02,448 INFO  utils.Log4j2 -This is Failed methods: 1
2023-05-06 20:46:02,448 INFO  utils.Log4j2 -This is Skipped methods: 0
2023-05-06 20:46:02,652 INFO  utils.Log4j2 -Finish Suite executed :SuiteChrome-Automation
2023-05-06 20:46:02,840 INFO  utils.Log4j2 -TestNG has finished, took around 28761ms
2023-05-06 20:46:23,315 INFO  utils.Log4j2 -Start Suite executed :SuiteChrome-Automation
2023-05-06 20:46:23,334 INFO  utils.Log4j2 -Start Testng Test name: Test-Login
2023-05-06 20:46:35,462 INFO  utils.Log4j2 -Method name: testLogin
2023-05-06 20:46:35,468 INFO  utils.Log4j2 -Ingreso usuario y contraseña
2023-05-06 20:46:37,201 INFO  utils.Log4j2 -Espero a que cargue el Avatar
2023-05-06 20:46:52,556 INFO  utils.Log4j2 -testLogin :FAILED
2023-05-06 20:46:53,234 INFO  utils.Log4j2 -This is Passed methods: 0
2023-05-06 20:46:53,235 INFO  utils.Log4j2 -This is Failed methods: 1
2023-05-06 20:46:53,235 INFO  utils.Log4j2 -This is Skipped methods: 0
2023-05-06 20:46:53,580 INFO  utils.Log4j2 -Finish Suite executed :SuiteChrome-Automation
2023-05-06 20:46:53,902 INFO  utils.Log4j2 -TestNG has finished, took around 33609ms
2023-05-06 20:47:36,217 INFO  utils.Log4j2 -Start Suite executed :SuiteChrome-Automation
2023-05-06 20:47:36,233 INFO  utils.Log4j2 -Start Testng Test name: Test-Login
2023-05-06 20:47:47,232 INFO  utils.Log4j2 -Method name: testLogin
2023-05-06 20:47:47,239 INFO  utils.Log4j2 -Ingreso usuario y contraseña
2023-05-06 20:47:48,549 INFO  utils.Log4j2 -Espero a que cargue el Avatar
2023-05-06 20:48:03,962 INFO  utils.Log4j2 -testLogin :FAILED
2023-05-06 20:48:04,764 INFO  utils.Log4j2 -This is Passed methods: 0
2023-05-06 20:48:04,764 INFO  utils.Log4j2 -This is Failed methods: 1
2023-05-06 20:48:04,764 INFO  utils.Log4j2 -This is Skipped methods: 0
2023-05-06 20:48:04,952 INFO  utils.Log4j2 -Finish Suite executed :SuiteChrome-Automation
2023-05-06 20:48:05,140 INFO  utils.Log4j2 -TestNG has finished, took around 30299ms
2023-05-06 20:48:27,159 INFO  utils.Log4j2 -Start Suite executed :SuiteChrome-Automation
2023-05-06 20:48:27,204 INFO  utils.Log4j2 -Start Testng Test name: Test-Login
2023-05-06 20:48:40,438 INFO  utils.Log4j2 -Method name: testLogin
2023-05-06 20:48:40,448 INFO  utils.Log4j2 -Ingreso usuario y contraseña
2023-05-06 20:48:42,288 INFO  utils.Log4j2 -Espero a que cargue el Avatar
2023-05-06 20:48:57,663 INFO  utils.Log4j2 -testLogin :FAILED
2023-05-06 20:48:58,556 INFO  utils.Log4j2 -This is Passed methods: 0
2023-05-06 20:48:58,556 INFO  utils.Log4j2 -This is Failed methods: 1
2023-05-06 20:48:58,556 INFO  utils.Log4j2 -This is Skipped methods: 0
2023-05-06 20:48:58,751 INFO  utils.Log4j2 -Finish Suite executed :SuiteChrome-Automation
2023-05-06 20:48:58,907 INFO  utils.Log4j2 -TestNG has finished, took around 34484ms
2023-05-06 20:56:55,551 INFO  utils.Log4j2 -Start Suite executed :SuiteChrome-Automation
2023-05-06 20:56:55,567 INFO  utils.Log4j2 -Start Testng Test name: Test-Login
2023-05-06 20:57:03,740 INFO  utils.Log4j2 -Method name: testLogin
2023-05-06 20:57:03,749 INFO  utils.Log4j2 -Ingreso usuario y contraseña
2023-05-06 20:57:05,222 INFO  utils.Log4j2 -Espero a que cargue el Avatar
2023-05-06 20:57:20,553 INFO  utils.Log4j2 -testLogin :FAILED
2023-05-06 20:57:21,312 INFO  utils.Log4j2 -This is Passed methods: 0
2023-05-06 20:57:21,312 INFO  utils.Log4j2 -This is Failed methods: 1
2023-05-06 20:57:21,312 INFO  utils.Log4j2 -This is Skipped methods: 0
2023-05-06 20:57:21,500 INFO  utils.Log4j2 -Finish Suite executed :SuiteChrome-Automation
2023-05-06 20:57:21,672 INFO  utils.Log4j2 -TestNG has finished, took around 27547ms
2023-05-06 21:02:09,841 INFO  utils.Log4j2 -Start Suite executed :SuiteChrome-Automation
2023-05-06 21:02:09,856 INFO  utils.Log4j2 -Start Testng Test name: Test-Login
2023-05-06 21:02:18,870 INFO  utils.Log4j2 -Method name: testLogin
2023-05-06 21:02:24,648 INFO  utils.Log4j2 -Ingreso usuario y contraseña
2023-05-06 21:02:28,500 INFO  utils.Log4j2 -Espero a que cargue el Avatar
2023-05-06 21:02:43,642 INFO  utils.Log4j2 -testLogin :FAILED
2023-05-06 21:02:44,361 INFO  utils.Log4j2 -This is Passed methods: 0
2023-05-06 21:02:44,361 INFO  utils.Log4j2 -This is Failed methods: 1
2023-05-06 21:02:44,361 INFO  utils.Log4j2 -This is Skipped methods: 0
2023-05-06 21:02:44,565 INFO  utils.Log4j2 -Finish Suite executed :SuiteChrome-Automation
2023-05-06 21:02:44,727 INFO  utils.Log4j2 -TestNG has finished, took around 36384ms
2023-05-06 21:04:11,119 INFO  utils.Log4j2 -Start Suite executed :SuiteChrome-Automation
2023-05-06 21:04:11,133 INFO  utils.Log4j2 -Start Testng Test name: Test-Login
2023-05-06 21:04:20,092 INFO  utils.Log4j2 -Method name: testLogin
2023-05-06 21:04:26,004 INFO  utils.Log4j2 -Ingreso usuario y contraseña
2023-05-06 21:04:29,681 INFO  utils.Log4j2 -Espero a que cargue el Avatar
2023-05-06 21:04:45,118 INFO  utils.Log4j2 -testLogin :FAILED
2023-05-06 21:04:45,950 INFO  utils.Log4j2 -This is Passed methods: 0
2023-05-06 21:04:45,950 INFO  utils.Log4j2 -This is Failed methods: 1
2023-05-06 21:04:45,950 INFO  utils.Log4j2 -This is Skipped methods: 0
2023-05-06 21:04:46,138 INFO  utils.Log4j2 -Finish Suite executed :SuiteChrome-Automation
2023-05-06 21:04:46,325 INFO  utils.Log4j2 -TestNG has finished, took around 36605ms
